Arguments: 
  /usr/local/Cellar/node/9.10.1/bin/node /usr/local/Cellar/yarn/1.5.1_1/libexec/bin/yarn.js search d3js

PATH: 
  /Users/pz/.rvm/gems/ruby-2.4.1/bin:/Users/pz/.rvm/gems/ruby-2.4.1@global/bin:/Users/pz/.rvm/rubies/ruby-2.4.1/bin:/usr/local/opt/llvm/bin:/usr/local/opt/libxml2/bin:/usr/local/Caskroom/google-cloud-sdk/latest/google-cloud-sdk/bin:/usr/local/bin:/usr/bin:/bin:/usr/sbin:/sbin:/usr/local/MacGPG2/bin:/usr/local/share/dotnet:/opt/X11/bin:/Library/Frameworks/Mono.framework/Versions/Current/Commands:/Users/pz/.rvm/gems/ruby-2.4.1/bin:/Users/pz/.rvm/gems/ruby-2.4.1@global/bin:/Users/pz/.rvm/rubies/ruby-2.4.1/bin:/usr/local/opt/llvm/bin:/usr/local/opt/libxml2/bin:/usr/local/Caskroom/google-cloud-sdk/latest/google-cloud-sdk/bin:/Users/pz/.rvm/bin:/Users/pz/.rvm/bin

Yarn version: 
  1.5.1

Node version: 
  9.10.1

Platform: 
  darwin x64

npm manifest: 
  {
    "name": "git-intro-slides",
    "version": "1.0.0",
    "description": "",
    "scripts": {
      "start": "webpack",
      "watch": "webpack --watch",
      "dev": "webpack-serve ./webpack.config.js --open --port 5000",
      "test": "echo \"Error: no test specified\" && exit 1"
    },
    "author": "",
    "license": "ISC",
    "dependencies": {
      "bulma": "^0.6.2",
      "copy-webpack-plugin": "^4.5.1",
      "html-webpack-plugin": "^3.1.0",
      "pug": "^2.0.3",
      "pug-cli": "^1.0.0-alpha6",
      "pug-loader": "^2.4.0",
      "reveal.js": "^3.6.0",
      "style-loader": "^0.20.3",
      "webpack": "^4.4.1"
    },
    "devDependencies": {
      "css-loader": "^0.28.11",
      "eslint-config-standard": "^11.0.0",
      "eslint-plugin-import": "^2.10.0",
      "eslint-plugin-node": "^6.0.1",
      "eslint-plugin-promise": "^3.7.0",
      "eslint-plugin-standard": "^3.0.1",
      "extract-text-webpack-plugin": "^4.0.0-beta.0",
      "webpack-cli": "^2.0.13",
      "webpack-serve": "^0.3.1"
    },
    "eslintIgnore": [
      "/build",
      "webpack.config.js"
    ]
  }

yarn manifest: 
  No manifest

Lockfile: 
  No lockfile

Trace: 
  Error: Command "search" not found.
      at new MessageError (/usr/local/Cellar/yarn/1.5.1_1/libexec/lib/cli.js:186:110)
      at /usr/local/Cellar/yarn/1.5.1_1/libexec/lib/cli.js:87307:17
      at Generator.next (<anonymous>)
      at step (/usr/local/Cellar/yarn/1.5.1_1/libexec/lib/cli.js:98:30)
      at /usr/local/Cellar/yarn/1.5.1_1/libexec/lib/cli.js:116:14
      at new Promise (<anonymous>)
      at new F (/usr/local/Cellar/yarn/1.5.1_1/libexec/lib/cli.js:23451:28)
      at /usr/local/Cellar/yarn/1.5.1_1/libexec/lib/cli.js:95:12
      at runCommand (/usr/local/Cellar/yarn/1.5.1_1/libexec/lib/cli.js:87312:22)
      at Object.<anonymous> (/usr/local/Cellar/yarn/1.5.1_1/libexec/lib/cli.js:87412:14)
